Error setting attribute for object CustomCategory:bpsom, feature nodeicon, and value 
java.lang.StringIndexOutOfBoundsException: String index out of range: -6
	at java.lang.String.substring(Unknown Source)
	at java.lang.String.substring(Unknown Source)
	at org.eclipse.epf.importing.xml.services.UmaLibrary.setAtributeFeatureValue_(UmaLibrary.java:576)
	at org.eclipse.epf.importing.xml.services.UmaLibrary.setAtributeFeatureValue(UmaLibrary.java:506)
	at org.eclipse.epf.importing.xml.services.ImportXMLService.iteratEDataObject_(ImportXMLService.java:741)
	at org.eclipse.epf.importing.xml.services.ImportXMLService.iteratEDataObject(ImportXMLService.java:603)
	at org.eclipse.epf.importing.xml.services.ImportXMLService.iteratEDataObject_(ImportXMLService.java:626)
	at org.eclipse.epf.importing.xml.services.ImportXMLService.iteratEDataObject(ImportXMLService.java:603)
	at org.eclipse.epf.importing.xml.services.ImportXMLService.iteratEDataObject_(ImportXMLService.java:678)
	at org.eclipse.epf.importing.xml.services.ImportXMLService.iteratEDataObject(ImportXMLService.java:603)
	at org.eclipse.epf.importing.xml.services.ImportXMLService.iteratEDataObject_(ImportXMLService.java:678)
	at org.eclipse.epf.importing.xml.services.ImportXMLService.iteratEDataObject(ImportXMLService.java:603)
	at org.eclipse.epf.importing.xml.services.ImportXMLService.doImport(ImportXMLService.java:366)
	at org.eclipse.epf.importing.xml.wizards.ImportXMLWizard$3.run(ImportXMLWizard.java:185)
	at org.eclipse.jface.operation.ModalContext$ModalContextThread.run(ModalContext.java:113)
Error setting attribute for object CustomCategory:bpsom, feature shapeicon, and value 
java.lang.StringIndexOutOfBoundsException: String index out of range: -6
	at java.lang.String.substring(Unknown Source)
	at java.lang.String.substring(Unknown Source)
	at org.eclipse.epf.importing.xml.services.UmaLibrary.setAtributeFeatureValue_(UmaLibrary.java:576)
	at org.eclipse.epf.importing.xml.services.UmaLibrary.setAtributeFeatureValue(UmaLibrary.java:506)
	at org.eclipse.epf.importing.xml.services.ImportXMLService.iteratEDataObject_(ImportXMLService.java:741)
	at org.eclipse.epf.importing.xml.services.ImportXMLService.iteratEDataObject(ImportXMLService.java:603)
	at org.eclipse.epf.importing.xml.services.ImportXMLService.iteratEDataObject_(ImportXMLService.java:626)
	at org.eclipse.epf.importing.xml.services.ImportXMLService.iteratEDataObject(ImportXMLService.java:603)
	at org.eclipse.epf.importing.xml.services.ImportXMLService.iteratEDataObject_(ImportXMLService.java:678)
	at org.eclipse.epf.importing.xml.services.ImportXMLService.iteratEDataObject(ImportXMLService.java:603)
	at org.eclipse.epf.importing.xml.services.ImportXMLService.iteratEDataObject_(ImportXMLService.java:678)
	at org.eclipse.epf.importing.xml.services.ImportXMLService.iteratEDataObject(ImportXMLService.java:603)
	at org.eclipse.epf.importing.xml.services.ImportXMLService.doImport(ImportXMLService.java:366)
	at org.eclipse.epf.importing.xml.wizards.ImportXMLWizard$3.run(ImportXMLWizard.java:185)
	at org.eclipse.jface.operation.ModalContext$ModalContextThread.run(ModalContext.java:113)
Error setting attribute for object CustomCategory:life_cycle, feature nodeicon, and value 
java.lang.StringIndexOutOfBoundsException: String index out of range: -6
	at java.lang.String.substring(Unknown Source)
	at java.lang.String.substring(Unknown Source)
	at org.eclipse.epf.importing.xml.services.UmaLibrary.setAtributeFeatureValue_(UmaLibrary.java:576)
	at org.eclipse.epf.importing.xml.services.UmaLibrary.setAtributeFeatureValue(UmaLibrary.java:506)
	at org.eclipse.epf.importing.xml.services.ImportXMLService.iteratEDataObject_(ImportXMLService.java:741)
	at org.eclipse.epf.importing.xml.services.ImportXMLService.iteratEDataObject(ImportXMLService.java:603)
	at org.eclipse.epf.importing.xml.services.ImportXMLService.iteratEDataObject_(ImportXMLService.java:626)
	at org.eclipse.epf.importing.xml.services.ImportXMLService.iteratEDataObject(ImportXMLService.java:603)
	at org.eclipse.epf.importing.xml.services.ImportXMLService.iteratEDataObject_(ImportXMLService.java:678)
	at org.eclipse.epf.importing.xml.services.ImportXMLService.iteratEDataObject(ImportXMLService.java:603)
	at org.eclipse.epf.importing.xml.services.ImportXMLService.iteratEDataObject_(ImportXMLService.java:678)
	at org.eclipse.epf.importing.xml.services.ImportXMLService.iteratEDataObject(ImportXMLService.java:603)
	at org.eclipse.epf.importing.xml.services.ImportXMLService.doImport(ImportXMLService.java:366)
	at org.eclipse.epf.importing.xml.wizards.ImportXMLWizard$3.run(ImportXMLWizard.java:185)
	at org.eclipse.jface.operation.ModalContext$ModalContextThread.run(ModalContext.java:113)
Error setting attribute for object CustomCategory:life_cycle, feature shapeicon, and value 
java.lang.StringIndexOutOfBoundsException: String index out of range: -6
	at java.lang.String.substring(Unknown Source)
	at java.lang.String.substring(Unknown Source)
	at org.eclipse.epf.importing.xml.services.UmaLibrary.setAtributeFeatureValue_(UmaLibrary.java:576)
	at org.eclipse.epf.importing.xml.services.UmaLibrary.setAtributeFeatureValue(UmaLibrary.java:506)
	at org.eclipse.epf.importing.xml.services.ImportXMLService.iteratEDataObject_(ImportXMLService.java:741)
	at org.eclipse.epf.importing.xml.services.ImportXMLService.iteratEDataObject(ImportXMLService.java:603)
	at org.eclipse.epf.importing.xml.services.ImportXMLService.iteratEDataObject_(ImportXMLService.java:626)
	at org.eclipse.epf.importing.xml.services.ImportXMLService.iteratEDataObject(ImportXMLService.java:603)
	at org.eclipse.epf.importing.xml.services.ImportXMLService.iteratEDataObject_(ImportXMLService.java:678)
	at org.eclipse.epf.importing.xml.services.ImportXMLService.iteratEDataObject(ImportXMLService.java:603)
	at org.eclipse.epf.importing.xml.services.ImportXMLService.iteratEDataObject_(ImportXMLService.java:678)
	at org.eclipse.epf.importing.xml.services.ImportXMLService.iteratEDataObject(ImportXMLService.java:603)
	at org.eclipse.epf.importing.xml.services.ImportXMLService.doImport(ImportXMLService.java:366)
	at org.eclipse.epf.importing.xml.wizards.ImportXMLWizard$3.run(ImportXMLWizard.java:185)
	at org.eclipse.jface.operation.ModalContext$ModalContextThread.run(ModalContext.java:113)
